<component name="DependencyValidationManager">
  <scope name="junit 4 features" pattern="lib:org.junit..*" />
</component>